2016/06/14 15:37:00 INFO  - jmeter.util.JMeterUtils: Setting Locale to en_US 
2016/06/14 15:37:00 INFO  - jmeter.JMeter: Loading user properties from: /usr/local/Cellar/jmeter/2.13/libexec/bin/user.properties 
2016/06/14 15:37:00 INFO  - jmeter.JMeter: Loading system properties from: /usr/local/Cellar/jmeter/2.13/libexec/bin/system.properties 
2016/06/14 15:37:00 INFO  - jmeter.JMeter: Copyright (c) 1998-2015 The Apache Software Foundation 
2016/06/14 15:37:00 INFO  - jmeter.JMeter: Version 2.13 r1665067 
2016/06/14 15:37:00 INFO  - jmeter.JMeter: java.version=1.8.0_74 
2016/06/14 15:37:00 INFO  - jmeter.JMeter: java.vm.name=Java HotSpot(TM) 64-Bit Server VM 
2016/06/14 15:37:00 INFO  - jmeter.JMeter: os.name=Mac OS X 
2016/06/14 15:37:00 INFO  - jmeter.JMeter: os.arch=x86_64 
2016/06/14 15:37:00 INFO  - jmeter.JMeter: os.version=10.10.2 
2016/06/14 15:37:00 INFO  - jmeter.JMeter: file.encoding=UTF-8 
2016/06/14 15:37:00 INFO  - jmeter.JMeter: Default Locale=English (United States) 
2016/06/14 15:37:00 INFO  - jmeter.JMeter: JMeter  Locale=English (United States) 
2016/06/14 15:37:00 INFO  - jmeter.JMeter: JMeterHome=/usr/local/Cellar/jmeter/2.13/libexec 
2016/06/14 15:37:00 INFO  - jmeter.JMeter: user.dir  =/Users/sergiishkap/Documents/Projects/be-it/mastercard/mastercard-ua.github.io 
2016/06/14 15:37:00 INFO  - jmeter.JMeter: PWD       =/Users/sergiishkap/Documents/Projects/be-it/mastercard/mastercard-ua.github.io 
2016/06/14 15:37:00 INFO  - jmeter.JMeter: IP: 192.168.10.34 Name: Sergiis-MacBook-Air.local FullName: 192.168.10.34 
2016/06/14 15:37:02 INFO  - jmeter.gui.action.LookAndFeelCommand: Using look and feel: com.apple.laf.AquaLookAndFeel [Mac OS X, System] 
2016/06/14 15:37:02 INFO  - jmeter.JMeter: Loaded icon properties from org/apache/jmeter/images/icon.properties 
2016/06/14 15:37:07 INFO  - jmeter.engine.util.CompoundVariable: Note: Function class names must contain the string: '.functions.' 
2016/06/14 15:37:07 INFO  - jmeter.engine.util.CompoundVariable: Note: Function class names must not contain the string: '.gui.' 
2016/06/14 15:37:10 INFO  - jmeter.util.BSFTestElement: Registering JMeter version of JavaScript engine as work-round for BSF-22 
2016/06/14 15:37:10 INFO  - jmeter.protocol.http.sampler.HTTPSamplerBase: Cannot find .className property for htmlParser, using default 
2016/06/14 15:37:10 INFO  - jmeter.protocol.http.sampler.HTTPSamplerBase: Parser for text/html is  
2016/06/14 15:37:10 INFO  - jmeter.protocol.http.sampler.HTTPSamplerBase: Parser for application/xhtml+xml is  
2016/06/14 15:37:10 INFO  - jmeter.protocol.http.sampler.HTTPSamplerBase: Parser for application/xml is  
2016/06/14 15:37:10 INFO  - jmeter.protocol.http.sampler.HTTPSamplerBase: Parser for text/xml is  
2016/06/14 15:37:10 INFO  - jmeter.protocol.http.sampler.HTTPSamplerBase: Parser for text/vnd.wap.wml is org.apache.jmeter.protocol.http.parser.RegexpHTMLParser 
2016/06/14 15:37:10 INFO  - jmeter.gui.util.MenuFactory: Skipping org.apache.jmeter.protocol.http.control.gui.WebServiceSamplerGui 
2016/06/14 15:37:10 INFO  - jmeter.gui.util.MenuFactory: Skipping org.apache.jmeter.protocol.http.modifier.gui.ParamModifierGui 
2016/06/14 15:37:11 INFO  - jorphan.exec.KeyToolUtils: keytool found at 'keytool' 
2016/06/14 15:37:11 INFO  - jmeter.protocol.http.proxy.ProxyControl: HTTP(S) Test Script Recorder SSL Proxy will use keys that support embedded 3rd party resources in file /usr/local/Cellar/jmeter/2.13/libexec/bin/proxyserver.jks 
2016/06/14 15:37:11 INFO  - jmeter.samplers.SampleResult: Note: Sample TimeStamps are START times 
2016/06/14 15:37:11 INFO  - jmeter.samplers.SampleResult: sampleresult.default.encoding is set to ISO-8859-1 
2016/06/14 15:37:11 INFO  - jmeter.samplers.SampleResult: sampleresult.useNanoTime=true 
2016/06/14 15:37:11 INFO  - jmeter.samplers.SampleResult: sampleresult.nanoThreadSleep=5000 
2016/06/14 15:46:03 INFO  - jmeter.services.FileServer: Default base='/Users/sergiishkap/Documents/Projects/be-it/mastercard/mastercard-ua.github.io' 
2016/06/14 15:46:03 INFO  - jmeter.services.FileServer: Set new base='/Users/sergiishkap/Documents/Projects' 
2016/06/14 15:46:04 INFO  - jmeter.save.SaveService: Testplan (JMX) version: 2.2. Testlog (JTL) version: 2.2 
2016/06/14 15:46:04 INFO  - jmeter.save.SaveService: Using SaveService properties file encoding UTF-8 
2016/06/14 15:46:04 INFO  - jmeter.save.SaveService: Using SaveService properties file version 1656252 
2016/06/14 15:46:04 INFO  - jmeter.save.SaveService: Using SaveService properties version 2.8 
2016/06/14 15:46:04 INFO  - jmeter.save.SaveService: All converter versions present and correct 
2016/06/14 15:46:04 INFO  - jmeter.engine.StandardJMeterEngine: Listeners will be started after enabling running version 
2016/06/14 15:46:04 INFO  - jmeter.engine.StandardJMeterEngine: To revert to the earlier behaviour, define jmeterengine.startlistenerslater=false 
2016/06/14 15:46:04 INFO  - jmeter.engine.StandardJMeterEngine: Running the test! 
2016/06/14 15:46:04 INFO  - jmeter.samplers.SampleEvent: List of sample_variables: [] 
2016/06/14 15:46:04 INFO  - jmeter.samplers.SampleEvent: List of sample_variables: [] 
2016/06/14 15:46:04 INFO  - jmeter.gui.util.JMeterMenuBar: setRunning(true,*local*) 
2016/06/14 15:46:04 INFO  - jmeter.engine.StandardJMeterEngine: Starting ThreadGroup: 1 : Thread Group 
2016/06/14 15:46:04 INFO  - jmeter.engine.StandardJMeterEngine: Starting 1 threads for group Thread Group. 
2016/06/14 15:46:04 INFO  - jmeter.engine.StandardJMeterEngine: Thread will continue on error 
2016/06/14 15:46:04 INFO  - jmeter.threads.ThreadGroup: Starting thread group number 1 threads 1 ramp-up 1 perThread 1000.0 delayedStart=false 
2016/06/14 15:46:04 INFO  - jmeter.threads.JMeterThread: jmeterthread.startearlier=true (see jmeter.properties) 
2016/06/14 15:46:04 INFO  - jmeter.threads.JMeterThread: Running PostProcessors in forward order 
2016/06/14 15:46:04 INFO  - jmeter.threads.ThreadGroup: Started thread group number 1 
2016/06/14 15:46:04 INFO  - jmeter.engine.StandardJMeterEngine: All thread groups have been started 
2016/06/14 15:46:04 INFO  - jmeter.threads.JMeterThread: Thread started: Thread Group 1-1 
2016/06/14 15:46:04 INFO  - jmeter.protocol.http.sampler.HTTPHCAbstractImpl: Local host = Sergiis-MacBook-Air.local 
2016/06/14 15:46:04 INFO  - jmeter.protocol.http.sampler.HTTPHC4Impl: HTTP request retry count = 0 
2016/06/14 15:46:04 INFO  - jmeter.protocol.http.sampler.HTTPHC4Impl: Setting up HTTPS TrustAll scheme 
2016/06/14 15:46:04 INFO  - jmeter.util.JsseSSLManager: Using default SSL protocol: TLS 
2016/06/14 15:46:04 INFO  - jmeter.util.JsseSSLManager: SSL session context: per-thread 
2016/06/14 15:46:05 WARN  - com.atlantbh.jmeter.plugins.jsonutils.jsonpathextractor.JSONPathExtractor: Extract failed java.lang.IllegalArgumentException: Invalid container object
	at com.jayway.jsonpath.JsonPath.read(JsonPath.java:238)
	at com.jayway.jsonpath.internal.JsonReader.read(JsonReader.java:103)
	at com.jayway.jsonpath.internal.JsonReader.read(JsonReader.java:97)
	at com.atlantbh.jmeter.plugins.jsonutils.jsonpathextractor.JSONPathExtractor.process(JSONPathExtractor.java:106)
	at org.apache.jmeter.threads.JMeterThread.runPostProcessors(JMeterThread.java:750)
	at org.apache.jmeter.threads.JMeterThread.process_sampler(JMeterThread.java:452)
	at org.apache.jmeter.threads.JMeterThread.run(JMeterThread.java:261)
	at java.lang.Thread.run(Thread.java:745)

2016/06/14 15:46:05 INFO  - jmeter.threads.JMeterThread: Thread is done: Thread Group 1-1 
2016/06/14 15:46:05 INFO  - jmeter.threads.JMeterThread: Thread finished: Thread Group 1-1 
2016/06/14 15:46:05 INFO  - jmeter.engine.StandardJMeterEngine: Notifying test listeners of end of test 
2016/06/14 15:46:05 INFO  - jmeter.gui.util.JMeterMenuBar: setRunning(false,*local*) 
2016/06/14 15:46:40 INFO  - jmeter.engine.StandardJMeterEngine: Running the test! 
2016/06/14 15:46:40 INFO  - jmeter.samplers.SampleEvent: List of sample_variables: [] 
2016/06/14 15:46:40 INFO  - jmeter.gui.util.JMeterMenuBar: setRunning(true,*local*) 
2016/06/14 15:46:41 INFO  - jmeter.engine.StandardJMeterEngine: Starting ThreadGroup: 1 : Thread Group 
2016/06/14 15:46:41 INFO  - jmeter.engine.StandardJMeterEngine: Starting 1 threads for group Thread Group. 
2016/06/14 15:46:41 INFO  - jmeter.engine.StandardJMeterEngine: Thread will continue on error 
2016/06/14 15:46:41 INFO  - jmeter.threads.ThreadGroup: Starting thread group number 1 threads 1 ramp-up 1 perThread 1000.0 delayedStart=false 
2016/06/14 15:46:41 INFO  - jmeter.threads.ThreadGroup: Started thread group number 1 
2016/06/14 15:46:41 INFO  - jmeter.engine.StandardJMeterEngine: All thread groups have been started 
2016/06/14 15:46:41 INFO  - jmeter.threads.JMeterThread: Thread started: Thread Group 1-1 
2016/06/14 15:46:41 WARN  - com.atlantbh.jmeter.plugins.jsonutils.jsonpathextractor.JSONPathExtractor: Extract failed java.lang.IllegalArgumentException: Invalid container object
	at com.jayway.jsonpath.JsonPath.read(JsonPath.java:238)
	at com.jayway.jsonpath.internal.JsonReader.read(JsonReader.java:103)
	at com.jayway.jsonpath.internal.JsonReader.read(JsonReader.java:97)
	at com.atlantbh.jmeter.plugins.jsonutils.jsonpathextractor.JSONPathExtractor.process(JSONPathExtractor.java:106)
	at org.apache.jmeter.threads.JMeterThread.runPostProcessors(JMeterThread.java:750)
	at org.apache.jmeter.threads.JMeterThread.process_sampler(JMeterThread.java:452)
	at org.apache.jmeter.threads.JMeterThread.run(JMeterThread.java:261)
	at java.lang.Thread.run(Thread.java:745)

2016/06/14 15:46:41 INFO  - jmeter.threads.JMeterThread: Thread is done: Thread Group 1-1 
2016/06/14 15:46:41 INFO  - jmeter.threads.JMeterThread: Thread finished: Thread Group 1-1 
2016/06/14 15:46:41 INFO  - jmeter.engine.StandardJMeterEngine: Notifying test listeners of end of test 
2016/06/14 15:46:41 INFO  - jmeter.gui.util.JMeterMenuBar: setRunning(false,*local*) 
2016/06/14 15:47:17 INFO  - jmeter.engine.StandardJMeterEngine: Running the test! 
2016/06/14 15:47:17 INFO  - jmeter.samplers.SampleEvent: List of sample_variables: [] 
2016/06/14 15:47:17 INFO  - jmeter.gui.util.JMeterMenuBar: setRunning(true,*local*) 
2016/06/14 15:47:17 INFO  - jmeter.engine.StandardJMeterEngine: Starting ThreadGroup: 1 : Thread Group 
2016/06/14 15:47:17 INFO  - jmeter.engine.StandardJMeterEngine: Starting 1 threads for group Thread Group. 
2016/06/14 15:47:17 INFO  - jmeter.engine.StandardJMeterEngine: Thread will continue on error 
2016/06/14 15:47:17 INFO  - jmeter.threads.ThreadGroup: Starting thread group number 1 threads 1 ramp-up 1 perThread 1000.0 delayedStart=false 
2016/06/14 15:47:17 INFO  - jmeter.threads.ThreadGroup: Started thread group number 1 
2016/06/14 15:47:17 INFO  - jmeter.engine.StandardJMeterEngine: All thread groups have been started 
2016/06/14 15:47:17 INFO  - jmeter.threads.JMeterThread: Thread started: Thread Group 1-1 
2016/06/14 15:47:18 INFO  - jmeter.util.SSLManager: JmeterKeyStore Location:  type JKS 
2016/06/14 15:47:18 INFO  - jmeter.util.SSLManager: KeyStore created OK 
2016/06/14 15:47:18 WARN  - jmeter.util.SSLManager: Keystore file not found, loading empty keystore 
2016/06/14 15:47:20 WARN  - com.atlantbh.jmeter.plugins.jsonutils.jsonpathextractor.JSONPathExtractor: Extract failed java.lang.IllegalArgumentException: Invalid container object
	at com.jayway.jsonpath.JsonPath.read(JsonPath.java:238)
	at com.jayway.jsonpath.internal.JsonReader.read(JsonReader.java:103)
	at com.jayway.jsonpath.internal.JsonReader.read(JsonReader.java:97)
	at com.atlantbh.jmeter.plugins.jsonutils.jsonpathextractor.JSONPathExtractor.process(JSONPathExtractor.java:106)
	at org.apache.jmeter.threads.JMeterThread.runPostProcessors(JMeterThread.java:750)
	at org.apache.jmeter.threads.JMeterThread.process_sampler(JMeterThread.java:452)
	at org.apache.jmeter.threads.JMeterThread.run(JMeterThread.java:261)
	at java.lang.Thread.run(Thread.java:745)

2016/06/14 15:47:21 INFO  - jmeter.threads.JMeterThread: Thread is done: Thread Group 1-1 
2016/06/14 15:47:21 INFO  - jmeter.threads.JMeterThread: Thread finished: Thread Group 1-1 
2016/06/14 15:47:21 INFO  - jmeter.engine.StandardJMeterEngine: Notifying test listeners of end of test 
2016/06/14 15:47:21 INFO  - jmeter.gui.util.JMeterMenuBar: setRunning(false,*local*) 
2016/06/14 15:48:41 INFO  - jmeter.engine.StandardJMeterEngine: Running the test! 
2016/06/14 15:48:41 INFO  - jmeter.samplers.SampleEvent: List of sample_variables: [] 
2016/06/14 15:48:41 INFO  - jmeter.gui.util.JMeterMenuBar: setRunning(true,*local*) 
2016/06/14 15:48:42 INFO  - jmeter.engine.StandardJMeterEngine: Starting ThreadGroup: 1 : Thread Group 
2016/06/14 15:48:42 INFO  - jmeter.engine.StandardJMeterEngine: Starting 1 threads for group Thread Group. 
2016/06/14 15:48:42 INFO  - jmeter.engine.StandardJMeterEngine: Thread will continue on error 
2016/06/14 15:48:42 INFO  - jmeter.threads.ThreadGroup: Starting thread group number 1 threads 1 ramp-up 1 perThread 1000.0 delayedStart=false 
2016/06/14 15:48:42 INFO  - jmeter.threads.ThreadGroup: Started thread group number 1 
2016/06/14 15:48:42 INFO  - jmeter.engine.StandardJMeterEngine: All thread groups have been started 
2016/06/14 15:48:42 INFO  - jmeter.threads.JMeterThread: Thread started: Thread Group 1-1 
2016/06/14 15:48:42 WARN  - com.atlantbh.jmeter.plugins.jsonutils.jsonpathextractor.JSONPathExtractor: Extract failed com.jayway.jsonpath.PathNotFoundException: Path 'token' not found in the current context:
{"message":"Request method 'GET' not supported","url":"http:\/\/euretos-server.stcorp.nl\/spine-ws\/login\/authenticate en"}
	at com.jayway.jsonpath.internal.filter.FieldFilter.filter(FieldFilter.java:87)
	at com.jayway.jsonpath.JsonPath.read(JsonPath.java:255)
	at com.jayway.jsonpath.internal.JsonReader.read(JsonReader.java:103)
	at com.jayway.jsonpath.internal.JsonReader.read(JsonReader.java:97)
	at com.atlantbh.jmeter.plugins.jsonutils.jsonpathextractor.JSONPathExtractor.process(JSONPathExtractor.java:106)
	at org.apache.jmeter.threads.JMeterThread.runPostProcessors(JMeterThread.java:750)
	at org.apache.jmeter.threads.JMeterThread.process_sampler(JMeterThread.java:452)
	at org.apache.jmeter.threads.JMeterThread.run(JMeterThread.java:261)
	at java.lang.Thread.run(Thread.java:745)

2016/06/14 15:48:42 INFO  - jmeter.threads.JMeterThread: Thread is done: Thread Group 1-1 
2016/06/14 15:48:42 INFO  - jmeter.threads.JMeterThread: Thread finished: Thread Group 1-1 
2016/06/14 15:48:42 INFO  - jmeter.engine.StandardJMeterEngine: Notifying test listeners of end of test 
2016/06/14 15:48:42 INFO  - jmeter.gui.util.JMeterMenuBar: setRunning(false,*local*) 
2016/06/14 15:50:52 INFO  - jmeter.engine.StandardJMeterEngine: Running the test! 
2016/06/14 15:50:52 INFO  - jmeter.samplers.SampleEvent: List of sample_variables: [] 
2016/06/14 15:50:52 INFO  - jmeter.gui.util.JMeterMenuBar: setRunning(true,*local*) 
2016/06/14 15:50:52 INFO  - jmeter.engine.StandardJMeterEngine: Starting ThreadGroup: 1 : Thread Group 
2016/06/14 15:50:52 INFO  - jmeter.engine.StandardJMeterEngine: Starting 1 threads for group Thread Group. 
2016/06/14 15:50:52 INFO  - jmeter.engine.StandardJMeterEngine: Thread will continue on error 
2016/06/14 15:50:52 INFO  - jmeter.threads.ThreadGroup: Starting thread group number 1 threads 1 ramp-up 1 perThread 1000.0 delayedStart=false 
2016/06/14 15:50:52 INFO  - jmeter.threads.ThreadGroup: Started thread group number 1 
2016/06/14 15:50:52 INFO  - jmeter.engine.StandardJMeterEngine: All thread groups have been started 
2016/06/14 15:50:52 INFO  - jmeter.threads.JMeterThread: Thread started: Thread Group 1-1 
2016/06/14 15:50:53 WARN  - com.atlantbh.jmeter.plugins.jsonutils.jsonpathextractor.JSONPathExtractor: Extract failed com.jayway.jsonpath.PathNotFoundException: Path 'token' not found in the current context:
{"message":"Request method 'GET' not supported","url":"http:\/\/euretos-server.stcorp.nl\/spine-ws\/login\/authenticate en"}
	at com.jayway.jsonpath.internal.filter.FieldFilter.filter(FieldFilter.java:87)
	at com.jayway.jsonpath.JsonPath.read(JsonPath.java:255)
	at com.jayway.jsonpath.internal.JsonReader.read(JsonReader.java:103)
	at com.jayway.jsonpath.internal.JsonReader.read(JsonReader.java:97)
	at com.atlantbh.jmeter.plugins.jsonutils.jsonpathextractor.JSONPathExtractor.process(JSONPathExtractor.java:106)
	at org.apache.jmeter.threads.JMeterThread.runPostProcessors(JMeterThread.java:750)
	at org.apache.jmeter.threads.JMeterThread.process_sampler(JMeterThread.java:452)
	at org.apache.jmeter.threads.JMeterThread.run(JMeterThread.java:261)
	at java.lang.Thread.run(Thread.java:745)

2016/06/14 15:50:53 INFO  - jmeter.threads.JMeterThread: Thread is done: Thread Group 1-1 
2016/06/14 15:50:53 INFO  - jmeter.threads.JMeterThread: Thread finished: Thread Group 1-1 
2016/06/14 15:50:53 INFO  - jmeter.engine.StandardJMeterEngine: Notifying test listeners of end of test 
2016/06/14 15:50:53 INFO  - jmeter.gui.util.JMeterMenuBar: setRunning(false,*local*) 
2016/06/14 15:52:53 INFO  - jmeter.engine.StandardJMeterEngine: Running the test! 
2016/06/14 15:52:53 INFO  - jmeter.samplers.SampleEvent: List of sample_variables: [] 
2016/06/14 15:52:53 INFO  - jmeter.gui.util.JMeterMenuBar: setRunning(true,*local*) 
2016/06/14 15:52:53 INFO  - jmeter.engine.StandardJMeterEngine: Starting ThreadGroup: 1 : Thread Group 
2016/06/14 15:52:53 INFO  - jmeter.engine.StandardJMeterEngine: Starting 1 threads for group Thread Group. 
2016/06/14 15:52:53 INFO  - jmeter.engine.StandardJMeterEngine: Thread will continue on error 
2016/06/14 15:52:53 INFO  - jmeter.threads.ThreadGroup: Starting thread group number 1 threads 1 ramp-up 1 perThread 1000.0 delayedStart=false 
2016/06/14 15:52:53 INFO  - jmeter.threads.ThreadGroup: Started thread group number 1 
2016/06/14 15:52:53 INFO  - jmeter.engine.StandardJMeterEngine: All thread groups have been started 
2016/06/14 15:52:53 INFO  - jmeter.threads.JMeterThread: Thread started: Thread Group 1-1 
2016/06/14 15:52:53 INFO  - jmeter.threads.JMeterThread: Thread is done: Thread Group 1-1 
2016/06/14 15:52:53 INFO  - jmeter.threads.JMeterThread: Thread finished: Thread Group 1-1 
2016/06/14 15:52:53 INFO  - jmeter.engine.StandardJMeterEngine: Notifying test listeners of end of test 
2016/06/14 15:52:53 INFO  - jmeter.gui.util.JMeterMenuBar: setRunning(false,*local*) 
